# JRE version: OpenJDK Runtime Environment (21.0.4) (build 21.0.4+-12508038-b607.1)
# Java VM: OpenJDK 64-Bit Server VM (21.0.4+-12508038-b607.1, mixed mode, tiered, compressed oops, compressed class ptrs, g1 gc, windows-amd64)
GC Precious Log:
 CardTable entry size: 512
 Card Set container configuration: InlinePtr #cards 5 size 8 Array Of Cards #cards 12 size 40 Howl #buckets 4 coarsen threshold 1843 Howl Bitmap #cards 512 size 80 coarsen threshold 460 Card regions per heap region 1 cards per card region 2048
 CPUs: 8 total, 8 available
 Memory: 8035M
 Large Page Support: Disabled
 NUMA Support: Disabled
 Compressed Oops: Enabled (32-bit)
 Heap Region Size: 1M
 Heap Min Capacity: 8M
 Heap Initial Capacity: 126M
 Heap Max Capacity: 2010M
 Pre-touch: Disabled
 Parallel Workers: 8
 Concurrent Workers: 2
 Concurrent Refinement Workers: 8
 Periodic GC: Disabled
Heap:
 garbage-first heap   total 111616K, used 53248K [0x0000000082600000, 0x0000000100000000)
  region size 1024K, 3 young (3072K), 3 survivors (3072K)
 Metaspace       used 46207K, committed 46464K, reserved 1114112K
  class space    used 5299K, committed 5440K, reserved 1048576K
GC Heap History (20 events):
Event: 2.815 GC heap after
{Heap after GC invocations=5 (full 0):
 garbage-first heap   total 34816K, used 18775K [0x0000000082600000, 0x0000000100000000)
  region size 1024K, 2 young (2048K), 2 survivors (2048K)
 Metaspace       used 22166K, committed 22400K, reserved 1114112K
  class space    used 2317K, committed 2432K, reserved 1048576K
}
Event: 2.898 GC heap before
{Heap before GC invocations=5 (full 0):
 garbage-first heap   total 34816K, used 25943K [0x0000000082600000, 0x0000000100000000)
  region size 1024K, 9 young (9216K), 2 survivors (2048K)
 Metaspace       used 22622K, committed 22912K, reserved 1114112K
  class space    used 2380K, committed 2496K, reserved 1048576K
}
Event: 2.912 GC heap after
{Heap after GC invocations=6 (full 0):
 garbage-first heap   total 34816K, used 22016K [0x0000000082600000, 0x0000000100000000)
  region size 1024K, 2 young (2048K), 2 survivors (2048K)
 Metaspace       used 22622K, committed 22912K, reserved 1114112K
  class space    used 2380K, committed 2496K, reserved 1048576K
}
Event: 3.140 GC heap before
{Heap before GC invocations=7 (full 0):
 garbage-first heap   total 37888K, used 26112K [0x0000000082600000, 0x0000000100000000)
  region size 1024K, 7 young (7168K), 2 survivors (2048K)
 Metaspace       used 24376K, committed 24640K, reserved 1114112K
  class space    used 2597K, committed 2688K, reserved 1048576K
}
Event: 3.148 GC heap after
{Heap after GC invocations=8 (full 0):
 garbage-first heap   total 37888K, used 22750K [0x0000000082600000, 0x0000000100000000)
  region size 1024K, 1 young (1024K), 1 survivors (1024K)
 Metaspace       used 24376K, committed 24640K, reserved 1114112K
  class space    used 2597K, committed 2688K, reserved 1048576K
}
Event: 3.215 GC heap before
{Heap before GC invocations=8 (full 0):
 garbage-first heap   total 37888K, used 29918K [0x0000000082600000, 0x0000000100000000)
  region size 1024K, 8 young (8192K), 1 survivors (1024K)
 Metaspace       used 24483K, committed 24704K, reserved 1114112K
  class space    used 2603K, committed 2688K, reserved 1048576K
}
Event: 3.227 GC heap after
{Heap after GC invocations=9 (full 0):
 garbage-first heap   total 37888K, used 25077K [0x0000000082600000, 0x0000000100000000)
  region size 1024K, 1 young (1024K), 1 survivors (1024K)
 Metaspace       used 24483K, committed 24704K, reserved 1114112K
  class space    used 2603K, committed 2688K, reserved 1048576K
}
Event: 3.420 GC heap before
{Heap before GC invocations=9 (full 0):
 garbage-first heap   total 37888K, used 31221K [0x0000000082600000, 0x0000000100000000)
  region size 1024K, 7 young (7168K), 1 survivors (1024K)
 Metaspace       used 25891K, committed 26112K, reserved 1114112K
  class space    used 2732K, committed 2816K, reserved 1048576K
}
Event: 3.425 GC heap after
{Heap after GC invocations=10 (full 0):
 garbage-first heap   total 75776K, used 25565K [0x0000000082600000, 0x0000000100000000)
  region size 1024K, 1 young (1024K), 1 survivors (1024K)
 Metaspace       used 25891K, committed 26112K, reserved 1114112K
  class space    used 2732K, committed 2816K, reserved 1048576K
}
Event: 4.310 GC heap before
{Heap before GC invocations=11 (full 0):
 garbage-first heap   total 75776K, used 50141K [0x0000000082600000, 0x0000000100000000)
  region size 1024K, 26 young (26624K), 1 survivors (1024K)
 Metaspace       used 32852K, committed 33152K, reserved 1114112K
  class space    used 3984K, committed 4160K, reserved 1048576K
}
Event: 4.320 GC heap after
{Heap after GC invocations=12 (full 0):
 garbage-first heap   total 75776K, used 27564K [0x0000000082600000, 0x0000000100000000)
  region size 1024K, 3 young (3072K), 3 survivors (3072K)
 Metaspace       used 32852K, committed 33152K, reserved 1114112K
  class space    used 3984K, committed 4160K, reserved 1048576K
}
Event: 5.346 GC heap before
{Heap before GC invocations=12 (full 0):
 garbage-first heap   total 75776K, used 55212K [0x0000000082600000, 0x0000000100000000)
  region size 1024K, 31 young (31744K), 3 survivors (3072K)
 Metaspace       used 40452K, committed 40704K, reserved 1114112K
  class space    used 4739K, committed 4864K, reserved 1048576K
}
Event: 5.364 GC heap after
{Heap after GC invocations=13 (full 0):
 garbage-first heap   total 75776K, used 29234K [0x0000000082600000, 0x0000000100000000)
  region size 1024K, 4 young (4096K), 4 survivors (4096K)
 Metaspace       used 40452K, committed 40704K, reserved 1114112K
  class space    used 4739K, committed 4864K, reserved 1048576K
}
Event: 5.901 GC heap before
{Heap before GC invocations=13 (full 0):
 garbage-first heap   total 75776K, used 46642K [0x0000000082600000, 0x0000000100000000)
  region size 1024K, 22 young (22528K), 4 survivors (4096K)
 Metaspace       used 43862K, committed 44096K, reserved 1114112K
  class space    used 5087K, committed 5184K, reserved 1048576K
}
Event: 5.920 GC heap after
{Heap after GC invocations=14 (full 0):
 garbage-first heap   total 75776K, used 31114K [0x0000000082600000, 0x0000000100000000)
  region size 1024K, 4 young (4096K), 4 survivors (4096K)
 Metaspace       used 43862K, committed 44096K, reserved 1114112K
  class space    used 5087K, committed 5184K, reserved 1048576K
}
Event: 6.746 GC heap before
{Heap before GC invocations=15 (full 0):
 garbage-first heap   total 75776K, used 62858K [0x0000000082600000, 0x0000000100000000)
  region size 1024K, 35 young (35840K), 4 survivors (4096K)
 Metaspace       used 45742K, committed 46016K, reserved 1114112K
  class space    used 5269K, committed 5376K, reserved 1048576K
}
Event: 6.788 GC heap after
{Heap after GC invocations=16 (full 0):
 garbage-first heap   total 75776K, used 39749K [0x0000000082600000, 0x0000000100000000)
  region size 1024K, 5 young (5120K), 5 survivors (5120K)
 Metaspace       used 45742K, committed 46016K, reserved 1114112K
  class space    used 5269K, committed 5376K, reserved 1048576K
}
Event: 7.007 GC heap before
{Heap before GC invocations=16 (full 0):
 garbage-first heap   total 75776K, used 62277K [0x0000000082600000, 0x0000000100000000)
  region size 1024K, 26 young (26624K), 5 survivors (5120K)
 Metaspace       used 46169K, committed 46464K, reserved 1114112K
  class space    used 5299K, committed 5440K, reserved 1048576K
}
Event: 7.047 GC heap after
{Heap after GC invocations=17 (full 0):
 garbage-first heap   total 75776K, used 47616K [0x0000000082600000, 0x0000000100000000)
  region size 1024K, 4 young (4096K), 4 survivors (4096K)
 Metaspace       used 46169K, committed 46464K, reserved 1114112K
  class space    used 5299K, committed 5440K, reserved 1048576K
}
Event: 7.144 GC heap before
{Heap before GC invocations=17 (full 0):
 garbage-first heap   total 75776K, used 62976K [0x0000000082600000, 0x0000000100000000)
  region size 1024K, 19 young (19456K), 4 survivors (4096K)
 Metaspace       used 46207K, committed 46464K, reserved 1114112K
  class space    used 5299K, committed 5440K, reserved 1048576K
}

