# JRE version: OpenJDK Runtime Environment (21.0.4) (build 21.0.4+-12508038-b607.1)
# Java VM: OpenJDK 64-Bit Server VM (21.0.4+-12508038-b607.1, mixed mode, tiered, compressed oops, compressed class ptrs, g1 gc, windows-amd64)
GC Precious Log:
 CardTable entry size: 512
 Card Set container configuration: InlinePtr #cards 5 size 8 Array Of Cards #cards 12 size 40 Howl #buckets 4 coarsen threshold 1843 Howl Bitmap #cards 512 size 80 coarsen threshold 460 Card regions per heap region 1 cards per card region 2048
 CPUs: 8 total, 8 available
 Memory: 8035M
 Large Page Support: Disabled
 NUMA Support: Disabled
 Compressed Oops: Enabled (32-bit)
 Heap Region Size: 1M
 Heap Min Capacity: 8M
 Heap Initial Capacity: 126M
 Heap Max Capacity: 2010M
 Pre-touch: Disabled
 Parallel Workers: 8
 Concurrent Workers: 2
 Concurrent Refinement Workers: 8
 Periodic GC: Disabled
Heap:
 garbage-first heap   total 159744K, used 107463K [0x0000000082600000, 0x0000000100000000)
  region size 1024K, 6 young (6144K), 6 survivors (6144K)
 Metaspace       used 53384K, committed 53696K, reserved 1114112K
  class space    used 5995K, committed 6144K, reserved 1048576K
GC Heap History (20 events):
Event: 4.994 GC heap after
{Heap after GC invocations=12 (full 0):
 garbage-first heap   total 79872K, used 27729K [0x0000000082600000, 0x0000000100000000)
  region size 1024K, 4 young (4096K), 4 survivors (4096K)
 Metaspace       used 38321K, committed 38592K, reserved 1114112K
  class space    used 4515K, committed 4672K, reserved 1048576K
}
Event: 6.232 GC heap before
{Heap before GC invocations=12 (full 0):
 garbage-first heap   total 79872K, used 62545K [0x0000000082600000, 0x0000000100000000)
  region size 1024K, 38 young (38912K), 4 survivors (4096K)
 Metaspace       used 44928K, committed 45184K, reserved 1114112K
  class space    used 5194K, committed 5312K, reserved 1048576K
}
Event: 6.258 GC heap after
{Heap after GC invocations=13 (full 0):
 garbage-first heap   total 79872K, used 31286K [0x0000000082600000, 0x0000000100000000)
  region size 1024K, 5 young (5120K), 5 survivors (5120K)
 Metaspace       used 44928K, committed 45184K, reserved 1114112K
  class space    used 5194K, committed 5312K, reserved 1048576K
}
Event: 6.847 GC heap before
{Heap before GC invocations=13 (full 0):
 garbage-first heap   total 79872K, used 64054K [0x0000000082600000, 0x0000000100000000)
  region size 1024K, 37 young (37888K), 5 survivors (5120K)
 Metaspace       used 46234K, committed 46528K, reserved 1114112K
  class space    used 5292K, committed 5440K, reserved 1048576K
}
Event: 6.888 GC heap after
{Heap after GC invocations=14 (full 0):
 garbage-first heap   total 79872K, used 40902K [0x0000000082600000, 0x0000000100000000)
  region size 1024K, 5 young (5120K), 5 survivors (5120K)
 Metaspace       used 46234K, committed 46528K, reserved 1114112K
  class space    used 5292K, committed 5440K, reserved 1048576K
}
Event: 6.919 GC heap before
{Heap before GC invocations=14 (full 0):
 garbage-first heap   total 79872K, used 41926K [0x0000000082600000, 0x0000000100000000)
  region size 1024K, 7 young (7168K), 5 survivors (5120K)
 Metaspace       used 46261K, committed 46528K, reserved 1114112K
  class space    used 5294K, committed 5440K, reserved 1048576K
}
Event: 6.936 GC heap after
{Heap after GC invocations=15 (full 0):
 garbage-first heap   total 79872K, used 43012K [0x0000000082600000, 0x0000000100000000)
  region size 1024K, 2 young (2048K), 2 survivors (2048K)
 Metaspace       used 46261K, committed 46528K, reserved 1114112K
  class space    used 5294K, committed 5440K, reserved 1048576K
}
Event: 7.076 GC heap before
{Heap before GC invocations=16 (full 0):
 garbage-first heap   total 79872K, used 65540K [0x0000000082600000, 0x0000000100000000)
  region size 1024K, 23 young (23552K), 2 survivors (2048K)
 Metaspace       used 46302K, committed 46592K, reserved 1114112K
  class space    used 5294K, committed 5440K, reserved 1048576K
}
Event: 7.096 GC heap after
{Heap after GC invocations=17 (full 0):
 garbage-first heap   total 79872K, used 51655K [0x0000000082600000, 0x0000000100000000)
  region size 1024K, 3 young (3072K), 3 survivors (3072K)
 Metaspace       used 46302K, committed 46592K, reserved 1114112K
  class space    used 5294K, committed 5440K, reserved 1048576K
}
Event: 7.445 GC heap before
{Heap before GC invocations=17 (full 0):
 garbage-first heap   total 79872K, used 67015K [0x0000000082600000, 0x0000000100000000)
  region size 1024K, 18 young (18432K), 3 survivors (3072K)
 Metaspace       used 48050K, committed 48256K, reserved 1114112K
  class space    used 5516K, committed 5632K, reserved 1048576K
}
Event: 7.461 GC heap after
{Heap after GC invocations=18 (full 0):
 garbage-first heap   total 159744K, used 54727K [0x0000000082600000, 0x0000000100000000)
  region size 1024K, 3 young (3072K), 3 survivors (3072K)
 Metaspace       used 48050K, committed 48256K, reserved 1114112K
  class space    used 5516K, committed 5632K, reserved 1048576K
}
Event: 8.471 GC heap before
{Heap before GC invocations=18 (full 0):
 garbage-first heap   total 159744K, used 117191K [0x0000000082600000, 0x0000000100000000)
  region size 1024K, 65 young (66560K), 3 survivors (3072K)
 Metaspace       used 50362K, committed 50688K, reserved 1114112K
  class space    used 5774K, committed 5888K, reserved 1048576K
}
Event: 8.497 GC heap after
{Heap after GC invocations=19 (full 0):
 garbage-first heap   total 159744K, used 67527K [0x0000000082600000, 0x0000000100000000)
  region size 1024K, 9 young (9216K), 9 survivors (9216K)
 Metaspace       used 50362K, committed 50688K, reserved 1114112K
  class space    used 5774K, committed 5888K, reserved 1048576K
}
Event: 8.773 GC heap before
{Heap before GC invocations=19 (full 0):
 garbage-first heap   total 159744K, used 121799K [0x0000000082600000, 0x0000000100000000)
  region size 1024K, 62 young (63488K), 9 survivors (9216K)
 Metaspace       used 50363K, committed 50688K, reserved 1114112K
  class space    used 5774K, committed 5888K, reserved 1048576K
}
Event: 8.796 GC heap after
{Heap after GC invocations=20 (full 0):
 garbage-first heap   total 159744K, used 80839K [0x0000000082600000, 0x0000000100000000)
  region size 1024K, 8 young (8192K), 8 survivors (8192K)
 Metaspace       used 50363K, committed 50688K, reserved 1114112K
  class space    used 5774K, committed 5888K, reserved 1048576K
}
Event: 9.378 GC heap before
{Heap before GC invocations=20 (full 0):
 garbage-first heap   total 159744K, used 127943K [0x0000000082600000, 0x0000000100000000)
  region size 1024K, 54 young (55296K), 8 survivors (8192K)
 Metaspace       used 51033K, committed 51328K, reserved 1114112K
  class space    used 5834K, committed 5952K, reserved 1048576K
}
Event: 9.405 GC heap after
{Heap after GC invocations=21 (full 0):
 garbage-first heap   total 159744K, used 93127K [0x0000000082600000, 0x0000000100000000)
  region size 1024K, 7 young (7168K), 7 survivors (7168K)
 Metaspace       used 51033K, committed 51328K, reserved 1114112K
  class space    used 5834K, committed 5952K, reserved 1048576K
}
Event: 10.646 GC heap before
{Heap before GC invocations=22 (full 0):
 garbage-first heap   total 159744K, used 133063K [0x0000000082600000, 0x0000000100000000)
  region size 1024K, 46 young (47104K), 7 survivors (7168K)
 Metaspace       used 52613K, committed 52864K, reserved 1114112K
  class space    used 5953K, committed 6080K, reserved 1048576K
}
Event: 10.675 GC heap after
{Heap after GC invocations=23 (full 0):
 garbage-first heap   total 159744K, used 101319K [0x0000000082600000, 0x0000000100000000)
  region size 1024K, 6 young (6144K), 6 survivors (6144K)
 Metaspace       used 52613K, committed 52864K, reserved 1114112K
  class space    used 5953K, committed 6080K, reserved 1048576K
}
Event: 11.693 GC heap before
{Heap before GC invocations=23 (full 0):
 garbage-first heap   total 159744K, used 137159K [0x0000000082600000, 0x0000000100000000)
  region size 1024K, 41 young (41984K), 6 survivors (6144K)
 Metaspace       used 53384K, committed 53696K, reserved 1114112K
  class space    used 5995K, committed 6144K, reserved 1048576K
}

