# JRE version: OpenJDK Runtime Environment (21.0.4) (build 21.0.4+-12508038-b607.1)
# Java VM: OpenJDK 64-Bit Server VM (21.0.4+-12508038-b607.1, mixed mode, tiered, compressed oops, compressed class ptrs, g1 gc, windows-amd64)
GC Precious Log:
 CardTable entry size: 512
 Card Set container configuration: InlinePtr #cards 5 size 8 Array Of Cards #cards 12 size 40 Howl #buckets 4 coarsen threshold 1843 Howl Bitmap #cards 512 size 80 coarsen threshold 460 Card regions per heap region 1 cards per card region 2048
 CPUs: 8 total, 8 available
 Memory: 8035M
 Large Page Support: Disabled
 NUMA Support: Disabled
 Compressed Oops: Enabled (32-bit)
 Heap Region Size: 1M
 Heap Min Capacity: 8M
 Heap Initial Capacity: 126M
 Heap Max Capacity: 2G
 Pre-touch: Disabled
 Parallel Workers: 8
 Concurrent Workers: 2
 Concurrent Refinement Workers: 8
 Periodic GC: Disabled
Heap:
 garbage-first heap   total 290816K, used 224077K [0x0000000080000000, 0x0000000100000000)
  region size 1024K, 11 young (11264K), 4 survivors (4096K)
 Metaspace       used 151218K, committed 153664K, reserved 1245184K
  class space    used 20701K, committed 21952K, reserved 1048576K
GC Heap History (20 events):
Event: 176.897 GC heap before
{Heap before GC invocations=66 (full 0):
 garbage-first heap   total 225280K, used 208778K [0x0000000080000000, 0x0000000100000000)
  region size 1024K, 73 young (74752K), 9 survivors (9216K)
 Metaspace       used 126274K, committed 128512K, reserved 1179648K
  class space    used 17093K, committed 18240K, reserved 1048576K
}
Event: 176.931 GC heap after
{Heap after GC invocations=67 (full 0):
 garbage-first heap   total 274432K, used 144384K [0x0000000080000000, 0x0000000100000000)
  region size 1024K, 10 young (10240K), 10 survivors (10240K)
 Metaspace       used 126274K, committed 128512K, reserved 1179648K
  class space    used 17093K, committed 18240K, reserved 1048576K
}
Event: 182.655 GC heap before
{Heap before GC invocations=67 (full 0):
 garbage-first heap   total 274432K, used 243712K [0x0000000080000000, 0x0000000100000000)
  region size 1024K, 108 young (110592K), 10 survivors (10240K)
 Metaspace       used 129138K, committed 131392K, reserved 1179648K
  class space    used 17414K, committed 18560K, reserved 1048576K
}
Event: 182.683 GC heap after
{Heap after GC invocations=68 (full 0):
 garbage-first heap   total 274432K, used 153910K [0x0000000080000000, 0x0000000100000000)
  region size 1024K, 14 young (14336K), 14 survivors (14336K)
 Metaspace       used 129138K, committed 131392K, reserved 1179648K
  class space    used 17414K, committed 18560K, reserved 1048576K
}
Event: 623.680 GC heap before
{Heap before GC invocations=68 (full 0):
 garbage-first heap   total 274432K, used 242998K [0x0000000080000000, 0x0000000100000000)
  region size 1024K, 101 young (103424K), 14 survivors (14336K)
 Metaspace       used 129386K, committed 131712K, reserved 1179648K
  class space    used 17427K, committed 18560K, reserved 1048576K
}
Event: 623.750 GC heap after
{Heap after GC invocations=69 (full 0):
 garbage-first heap   total 274432K, used 156916K [0x0000000080000000, 0x0000000100000000)
  region size 1024K, 6 young (6144K), 6 survivors (6144K)
 Metaspace       used 129386K, committed 131712K, reserved 1179648K
  class space    used 17427K, committed 18560K, reserved 1048576K
}
Event: 625.995 GC heap before
{Heap before GC invocations=69 (full 0):
 garbage-first heap   total 274432K, used 247028K [0x0000000080000000, 0x0000000100000000)
  region size 1024K, 95 young (97280K), 6 survivors (6144K)
 Metaspace       used 129754K, committed 132160K, reserved 1179648K
  class space    used 17431K, committed 18624K, reserved 1048576K
}
Event: 626.015 GC heap after
{Heap after GC invocations=70 (full 0):
 garbage-first heap   total 274432K, used 165089K [0x0000000080000000, 0x0000000100000000)
  region size 1024K, 12 young (12288K), 12 survivors (12288K)
 Metaspace       used 129754K, committed 132160K, reserved 1179648K
  class space    used 17431K, committed 18624K, reserved 1048576K
}
Event: 668.786 GC heap before
{Heap before GC invocations=71 (full 0):
 garbage-first heap   total 276480K, used 245985K [0x0000000080000000, 0x0000000100000000)
  region size 1024K, 92 young (94208K), 12 survivors (12288K)
 Metaspace       used 129978K, committed 132288K, reserved 1179648K
  class space    used 17432K, committed 18624K, reserved 1048576K
}
Event: 668.849 GC heap after
{Heap after GC invocations=72 (full 0):
 garbage-first heap   total 276480K, used 172486K [0x0000000080000000, 0x0000000100000000)
  region size 1024K, 7 young (7168K), 7 survivors (7168K)
 Metaspace       used 129978K, committed 132288K, reserved 1179648K
  class space    used 17432K, committed 18624K, reserved 1048576K
}
Event: 838.415 GC heap before
{Heap before GC invocations=72 (full 0):
 garbage-first heap   total 276480K, used 253382K [0x0000000080000000, 0x0000000100000000)
  region size 1024K, 87 young (89088K), 7 survivors (7168K)
 Metaspace       used 130273K, committed 132544K, reserved 1179648K
  class space    used 17456K, committed 18624K, reserved 1048576K
}
Event: 838.608 GC heap after
{Heap after GC invocations=73 (full 0):
 garbage-first heap   total 278528K, used 165524K [0x0000000080000000, 0x0000000100000000)
  region size 1024K, 8 young (8192K), 8 survivors (8192K)
 Metaspace       used 130273K, committed 132544K, reserved 1179648K
  class space    used 17456K, committed 18624K, reserved 1048576K
}
Event: 840.627 GC heap before
{Heap before GC invocations=73 (full 0):
 garbage-first heap   total 278528K, used 252564K [0x0000000080000000, 0x0000000100000000)
  region size 1024K, 94 young (96256K), 8 survivors (8192K)
 Metaspace       used 130479K, committed 132800K, reserved 1179648K
  class space    used 17465K, committed 18688K, reserved 1048576K
}
Event: 840.663 GC heap after
{Heap after GC invocations=74 (full 0):
 garbage-first heap   total 278528K, used 176128K [0x0000000080000000, 0x0000000100000000)
  region size 1024K, 11 young (11264K), 11 survivors (11264K)
 Metaspace       used 130479K, committed 132800K, reserved 1179648K
  class space    used 17465K, committed 18688K, reserved 1048576K
}
Event: 861.328 GC heap before
{Heap before GC invocations=75 (full 0):
 garbage-first heap   total 290816K, used 248832K [0x0000000080000000, 0x0000000100000000)
  region size 1024K, 85 young (87040K), 11 survivors (11264K)
 Metaspace       used 134454K, committed 136896K, reserved 1179648K
  class space    used 18032K, committed 19264K, reserved 1048576K
}
Event: 861.361 GC heap after
{Heap after GC invocations=76 (full 0):
 garbage-first heap   total 290816K, used 179114K [0x0000000080000000, 0x0000000100000000)
  region size 1024K, 5 young (5120K), 5 survivors (5120K)
 Metaspace       used 134454K, committed 136896K, reserved 1179648K
  class space    used 18032K, committed 19264K, reserved 1048576K
}
Event: 862.251 GC heap before
{Heap before GC invocations=76 (full 0):
 garbage-first heap   total 290816K, used 265130K [0x0000000080000000, 0x0000000100000000)
  region size 1024K, 90 young (92160K), 5 survivors (5120K)
 Metaspace       used 146036K, committed 148480K, reserved 1179648K
  class space    used 19939K, committed 21184K, reserved 1048576K
}
Event: 862.278 GC heap after
{Heap after GC invocations=77 (full 0):
 garbage-first heap   total 290816K, used 166851K [0x0000000080000000, 0x0000000100000000)
  region size 1024K, 8 young (8192K), 8 survivors (8192K)
 Metaspace       used 146036K, committed 148480K, reserved 1179648K
  class space    used 19939K, committed 21184K, reserved 1048576K
}
Event: 863.350 GC heap before
{Heap before GC invocations=77 (full 0):
 garbage-first heap   total 290816K, used 237507K [0x0000000080000000, 0x0000000100000000)
  region size 1024K, 79 young (80896K), 8 survivors (8192K)
 Metaspace       used 151032K, committed 153472K, reserved 1245184K
  class space    used 20672K, committed 21888K, reserved 1048576K
}
Event: 863.365 GC heap after
{Heap after GC invocations=78 (full 0):
 garbage-first heap   total 290816K, used 166733K [0x0000000080000000, 0x0000000100000000)
  region size 1024K, 4 young (4096K), 4 survivors (4096K)
 Metaspace       used 151032K, committed 153472K, reserved 1245184K
  class space    used 20672K, committed 21888K, reserved 1048576K
}

