# JRE version: OpenJDK Runtime Environment (21.0.4) (build 21.0.4+-12508038-b607.1)
# Java VM: OpenJDK 64-Bit Server VM (21.0.4+-12508038-b607.1, mixed mode, tiered, compressed oops, compressed class ptrs, g1 gc, windows-amd64)
GC Precious Log:
 CardTable entry size: 512
 Card Set container configuration: InlinePtr #cards 5 size 8 Array Of Cards #cards 12 size 40 Howl #buckets 4 coarsen threshold 1843 Howl Bitmap #cards 512 size 80 coarsen threshold 460 Card regions per heap region 1 cards per card region 2048
 CPUs: 8 total, 8 available
 Memory: 8035M
 Large Page Support: Disabled
 NUMA Support: Disabled
 Compressed Oops: Enabled (32-bit)
 Heap Region Size: 1M
 Heap Min Capacity: 8M
 Heap Initial Capacity: 126M
 Heap Max Capacity: 2G
 Pre-touch: Disabled
 Parallel Workers: 8
 Concurrent Workers: 2
 Concurrent Refinement Workers: 8
 Periodic GC: Disabled
Heap:
 garbage-first heap   total 198656K, used 172222K [0x0000000080000000, 0x0000000100000000)
  region size 1024K, 58 young (59392K), 4 survivors (4096K)
 Metaspace       used 111527K, committed 113728K, reserved 1179648K
  class space    used 15336K, committed 16448K, reserved 1048576K
GC Heap History (20 events):
Event: 14.534 GC heap before
{Heap before GC invocations=31 (full 0):
 garbage-first heap   total 150528K, used 135338K [0x0000000080000000, 0x0000000100000000)
  region size 1024K, 49 young (50176K), 7 survivors (7168K)
 Metaspace       used 92396K, committed 94272K, reserved 1179648K
  class space    used 12448K, committed 13376K, reserved 1048576K
}
Event: 14.543 GC heap after
{Heap after GC invocations=32 (full 0):
 garbage-first heap   total 150528K, used 94099K [0x0000000080000000, 0x0000000100000000)
  region size 1024K, 3 young (3072K), 3 survivors (3072K)
 Metaspace       used 92396K, committed 94272K, reserved 1179648K
  class space    used 12448K, committed 13376K, reserved 1048576K
}
Event: 15.068 GC heap before
{Heap before GC invocations=32 (full 0):
 garbage-first heap   total 150528K, used 139155K [0x0000000080000000, 0x0000000100000000)
  region size 1024K, 47 young (48128K), 3 survivors (3072K)
 Metaspace       used 96080K, committed 98112K, reserved 1179648K
  class space    used 13127K, committed 14144K, reserved 1048576K
}
Event: 15.072 GC heap after
{Heap after GC invocations=33 (full 0):
 garbage-first heap   total 150528K, used 94707K [0x0000000080000000, 0x0000000100000000)
  region size 1024K, 4 young (4096K), 4 survivors (4096K)
 Metaspace       used 96080K, committed 98112K, reserved 1179648K
  class space    used 13127K, committed 14144K, reserved 1048576K
}
Event: 15.561 GC heap before
{Heap before GC invocations=34 (full 0):
 garbage-first heap   total 158720K, used 136691K [0x0000000080000000, 0x0000000100000000)
  region size 1024K, 45 young (46080K), 4 survivors (4096K)
 Metaspace       used 98747K, committed 100800K, reserved 1179648K
  class space    used 13541K, committed 14592K, reserved 1048576K
}
Event: 15.565 GC heap after
{Heap after GC invocations=35 (full 0):
 garbage-first heap   total 158720K, used 96541K [0x0000000080000000, 0x0000000100000000)
  region size 1024K, 4 young (4096K), 4 survivors (4096K)
 Metaspace       used 98747K, committed 100800K, reserved 1179648K
  class space    used 13541K, committed 14592K, reserved 1048576K
}
Event: 16.095 GC heap before
{Heap before GC invocations=35 (full 0):
 garbage-first heap   total 158720K, used 144669K [0x0000000080000000, 0x0000000100000000)
  region size 1024K, 51 young (52224K), 4 survivors (4096K)
 Metaspace       used 102432K, committed 104576K, reserved 1179648K
  class space    used 14080K, committed 15168K, reserved 1048576K
}
Event: 16.102 GC heap after
{Heap after GC invocations=36 (full 0):
 garbage-first heap   total 190464K, used 98792K [0x0000000080000000, 0x0000000100000000)
  region size 1024K, 7 young (7168K), 7 survivors (7168K)
 Metaspace       used 102432K, committed 104576K, reserved 1179648K
  class space    used 14080K, committed 15168K, reserved 1048576K
}
Event: 17.050 GC heap before
{Heap before GC invocations=36 (full 0):
 garbage-first heap   total 190464K, used 172520K [0x0000000080000000, 0x0000000100000000)
  region size 1024K, 79 young (80896K), 7 survivors (7168K)
 Metaspace       used 108277K, committed 110400K, reserved 1179648K
  class space    used 14872K, committed 15936K, reserved 1048576K
}
Event: 17.063 GC heap after
{Heap after GC invocations=37 (full 0):
 garbage-first heap   total 190464K, used 103406K [0x0000000080000000, 0x0000000100000000)
  region size 1024K, 10 young (10240K), 10 survivors (10240K)
 Metaspace       used 108277K, committed 110400K, reserved 1179648K
  class space    used 14872K, committed 15936K, reserved 1048576K
}
Event: 17.960 GC heap before
{Heap before GC invocations=37 (full 0):
 garbage-first heap   total 190464K, used 167918K [0x0000000080000000, 0x0000000100000000)
  region size 1024K, 74 young (75776K), 10 survivors (10240K)
 Metaspace       used 110586K, committed 112768K, reserved 1179648K
  class space    used 15187K, committed 16320K, reserved 1048576K
}
Event: 17.978 GC heap after
{Heap after GC invocations=38 (full 0):
 garbage-first heap   total 190464K, used 110231K [0x0000000080000000, 0x0000000100000000)
  region size 1024K, 10 young (10240K), 10 survivors (10240K)
 Metaspace       used 110586K, committed 112768K, reserved 1179648K
  class space    used 15187K, committed 16320K, reserved 1048576K
}
Event: 18.367 GC heap before
{Heap before GC invocations=38 (full 0):
 garbage-first heap   total 190464K, used 168599K [0x0000000080000000, 0x0000000100000000)
  region size 1024K, 68 young (69632K), 10 survivors (10240K)
 Metaspace       used 110612K, committed 112768K, reserved 1179648K
  class space    used 15189K, committed 16320K, reserved 1048576K
}
Event: 18.382 GC heap after
{Heap after GC invocations=39 (full 0):
 garbage-first heap   total 190464K, used 114952K [0x0000000080000000, 0x0000000100000000)
  region size 1024K, 5 young (5120K), 5 survivors (5120K)
 Metaspace       used 110612K, committed 112768K, reserved 1179648K
  class space    used 15189K, committed 16320K, reserved 1048576K
}
Event: 18.843 GC heap before
{Heap before GC invocations=40 (full 0):
 garbage-first heap   total 193536K, used 175368K [0x0000000080000000, 0x0000000100000000)
  region size 1024K, 63 young (64512K), 5 survivors (5120K)
 Metaspace       used 110940K, committed 113088K, reserved 1179648K
  class space    used 15262K, committed 16384K, reserved 1048576K
}
Event: 18.848 GC heap after
{Heap after GC invocations=41 (full 0):
 garbage-first heap   total 193536K, used 115880K [0x0000000080000000, 0x0000000100000000)
  region size 1024K, 6 young (6144K), 6 survivors (6144K)
 Metaspace       used 110940K, committed 113088K, reserved 1179648K
  class space    used 15262K, committed 16384K, reserved 1048576K
}
Event: 19.371 GC heap before
{Heap before GC invocations=41 (full 0):
 garbage-first heap   total 193536K, used 176296K [0x0000000080000000, 0x0000000100000000)
  region size 1024K, 65 young (66560K), 6 survivors (6144K)
 Metaspace       used 111223K, committed 113408K, reserved 1179648K
  class space    used 15298K, committed 16448K, reserved 1048576K
}
Event: 19.386 GC heap after
{Heap after GC invocations=42 (full 0):
 garbage-first heap   total 193536K, used 116226K [0x0000000080000000, 0x0000000100000000)
  region size 1024K, 7 young (7168K), 7 survivors (7168K)
 Metaspace       used 111223K, committed 113408K, reserved 1179648K
  class space    used 15298K, committed 16448K, reserved 1048576K
}
Event: 19.980 GC heap before
{Heap before GC invocations=42 (full 0):
 garbage-first heap   total 193536K, used 174594K [0x0000000080000000, 0x0000000100000000)
  region size 1024K, 65 young (66560K), 7 survivors (7168K)
 Metaspace       used 111229K, committed 113472K, reserved 1179648K
  class space    used 15299K, committed 16448K, reserved 1048576K
}
Event: 19.990 GC heap after
{Heap after GC invocations=43 (full 0):
 garbage-first heap   total 193536K, used 117950K [0x0000000080000000, 0x0000000100000000)
  region size 1024K, 4 young (4096K), 4 survivors (4096K)
 Metaspace       used 111229K, committed 113472K, reserved 1179648K
  class space    used 15299K, committed 16448K, reserved 1048576K
}

